{"C:\\Users\\tsoka\\Desktop\\frontend-project-lvl2\\src\\index.js": {"path":"C:\\Users\\tsoka\\Desktop\\frontend-project-lvl2\\src\\index.js","all":false,"statementMap":{"0":{"start":{"line":1,"column":0},"end":{"line":1,"column":24}},"1":{"start":{"line":2,"column":0},"end":{"line":2,"column":20}},"2":{"start":{"line":3,"column":0},"end":{"line":3,"column":23}},"3":{"start":{"line":4,"column":0},"end":{"line":4,"column":0}},"4":{"start":{"line":5,"column":0},"end":{"line":5,"column":84}},"5":{"start":{"line":6,"column":0},"end":{"line":6,"column":32}},"6":{"start":{"line":7,"column":0},"end":{"line":7,"column":37}},"7":{"start":{"line":8,"column":0},"end":{"line":8,"column":50}},"8":{"start":{"line":9,"column":0},"end":{"line":9,"column":0}},"9":{"start":{"line":10,"column":0},"end":{"line":10,"column":14}},"10":{"start":{"line":11,"column":0},"end":{"line":11,"column":2}},"11":{"start":{"line":12,"column":0},"end":{"line":12,"column":0}},"12":{"start":{"line":13,"column":0},"end":{"line":13,"column":34}},"13":{"start":{"line":14,"column":0},"end":{"line":14,"column":44}},"14":{"start":{"line":15,"column":0},"end":{"line":15,"column":44}},"15":{"start":{"line":16,"column":0},"end":{"line":16,"column":0}},"16":{"start":{"line":17,"column":0},"end":{"line":17,"column":53}},"17":{"start":{"line":18,"column":0},"end":{"line":18,"column":36}},"18":{"start":{"line":19,"column":0},"end":{"line":19,"column":21}},"19":{"start":{"line":20,"column":0},"end":{"line":20,"column":21}},"20":{"start":{"line":21,"column":0},"end":{"line":21,"column":0}},"21":{"start":{"line":22,"column":0},"end":{"line":22,"column":31}},"22":{"start":{"line":23,"column":0},"end":{"line":23,"column":29}},"23":{"start":{"line":24,"column":0},"end":{"line":24,"column":52}},"24":{"start":{"line":25,"column":0},"end":{"line":25,"column":36}},"25":{"start":{"line":26,"column":0},"end":{"line":26,"column":52}},"26":{"start":{"line":27,"column":0},"end":{"line":27,"column":43}},"27":{"start":{"line":28,"column":0},"end":{"line":28,"column":52}},"28":{"start":{"line":29,"column":0},"end":{"line":29,"column":52}},"29":{"start":{"line":30,"column":0},"end":{"line":30,"column":12}},"30":{"start":{"line":31,"column":0},"end":{"line":31,"column":58}},"31":{"start":{"line":32,"column":0},"end":{"line":32,"column":5}},"32":{"start":{"line":33,"column":0},"end":{"line":33,"column":5}},"33":{"start":{"line":34,"column":0},"end":{"line":34,"column":0}},"34":{"start":{"line":35,"column":0},"end":{"line":35,"column":31}},"35":{"start":{"line":36,"column":0},"end":{"line":36,"column":2}}},"s":{"0":1,"1":1,"2":1,"3":1,"4":1,"5":1,"6":2,"7":2,"8":2,"9":2,"10":2,"11":1,"12":1,"13":1,"14":1,"15":1,"16":1,"17":1,"18":1,"19":1,"20":1,"21":1,"22":5,"23":4,"24":4,"25":2,"26":2,"27":1,"28":1,"29":1,"30":1,"31":1,"32":5,"33":1,"34":1,"35":1},"branchMap":{"0":{"type":"branch","line":5,"loc":{"start":{"line":5,"column":17},"end":{"line":5,"column":34}},"locations":[{"start":{"line":5,"column":17},"end":{"line":5,"column":34}}]},"1":{"type":"branch","line":6,"loc":{"start":{"line":6,"column":18},"end":{"line":11,"column":2}},"locations":[{"start":{"line":6,"column":18},"end":{"line":11,"column":2}}]},"2":{"type":"branch","line":13,"loc":{"start":{"line":13,"column":15},"end":{"line":36,"column":2}},"locations":[{"start":{"line":13,"column":15},"end":{"line":36,"column":2}}]},"3":{"type":"branch","line":22,"loc":{"start":{"line":22,"column":22},"end":{"line":33,"column":5}},"locations":[{"start":{"line":22,"column":22},"end":{"line":33,"column":5}}]},"4":{"type":"branch","line":23,"loc":{"start":{"line":23,"column":28},"end":{"line":25,"column":11}},"locations":[{"start":{"line":23,"column":28},"end":{"line":25,"column":11}}]},"5":{"type":"branch","line":23,"loc":{"start":{"line":23,"column":4},"end":{"line":32,"column":5}},"locations":[{"start":{"line":23,"column":4},"end":{"line":32,"column":5}}]},"6":{"type":"branch","line":25,"loc":{"start":{"line":25,"column":35},"end":{"line":32,"column":5}},"locations":[{"start":{"line":25,"column":35},"end":{"line":32,"column":5}}]},"7":{"type":"branch","line":27,"loc":{"start":{"line":27,"column":42},"end":{"line":32,"column":5}},"locations":[{"start":{"line":27,"column":42},"end":{"line":32,"column":5}}]}},"b":{"0":[2],"1":[2],"2":[1],"3":[5],"4":[1],"5":[4],"6":[2],"7":[1]},"fnMap":{"0":{"name":"getPath","decl":{"start":{"line":5,"column":17},"end":{"line":5,"column":34}},"loc":{"start":{"line":5,"column":17},"end":{"line":5,"column":34}},"line":5},"1":{"name":"readFile","decl":{"start":{"line":6,"column":18},"end":{"line":11,"column":2}},"loc":{"start":{"line":6,"column":18},"end":{"line":11,"column":2}},"line":6},"2":{"name":"default","decl":{"start":{"line":13,"column":15},"end":{"line":36,"column":2}},"loc":{"start":{"line":13,"column":15},"end":{"line":36,"column":2}},"line":13}},"f":{"0":2,"1":2,"2":1}}
}
