TN:
SF:src\index.js
FN:5,getPath
FN:6,readFile
FN:13,default
FNF:3
FNH:3
FNDA:2,getPath
FNDA:2,readFile
FNDA:1,default
DA:1,1
DA:2,1
DA:3,1
DA:4,1
DA:5,1
DA:6,1
DA:7,2
DA:8,2
DA:9,2
DA:10,2
DA:11,2
DA:12,1
DA:13,1
DA:14,1
DA:15,1
DA:16,1
DA:17,1
DA:18,1
DA:19,1
DA:20,1
DA:21,1
DA:22,1
DA:23,5
DA:24,4
DA:25,4
DA:26,2
DA:27,2
DA:28,1
DA:29,1
DA:30,1
DA:31,1
DA:32,1
DA:33,5
DA:34,1
DA:35,1
DA:36,1
LF:36
LH:36
BRDA:5,0,0,2
BRDA:6,1,0,2
BRDA:13,2,0,1
BRDA:22,3,0,5
BRDA:23,4,0,1
BRDA:23,5,0,4
BRDA:25,6,0,2
BRDA:27,7,0,1
BRF:8
BRH:8
end_of_record
